ffmpeg version 8.0.1 Copyright (c) 2000-2025 the FFmpeg developers
  built with gcc 12 (Ubuntu 12.3.0-1ubuntu1~22.04.2)
  configuration: --prefix=/home/linuxbrew/.linuxbrew/Cellar/ffmpeg/8.0.1 --enable-shared --enable-pthreads --enable-version3 --cc=gcc-12 --host-cflags= --host-ldflags= --enable-ffplay --enable-gnutls --enable-gpl --enable-libaom --enable-libaribb24 --enable-libbluray --enable-libdav1d --enable-libharfbuzz --enable-libjxl --enable-libmp3lame --enable-libopus --enable-librav1e --enable-librist --enable-librubberband --enable-libsnappy --enable-libsrt --enable-libssh --enable-libsvtav1 --enable-libtesseract --enable-libtheora --enable-libvidstab --enable-libvmaf --enable-libvorbis --enable-libvpx --enable-libwebp --enable-libx264 --enable-libx265 --enable-libxml2 --enable-libxvid --enable-lzma --enable-libfontconfig --enable-libfreetype --enable-frei0r --enable-libass --enable-libopencore-amrnb --enable-libopencore-amrwb --enable-libopenjpeg --enable-libspeex --enable-libsoxr --enable-libzmq --enable-libzimg --disable-libjack --disable-indev=jack
  libavutil      60.  8.100 / 60.  8.100
  libavcodec     62. 11.100 / 62. 11.100
  libavformat    62.  3.100 / 62.  3.100
  libavdevice    62.  1.100 / 62.  1.100
  libavfilter    11.  4.100 / 11.  4.100
  libswscale      9.  1.100 /  9.  1.100
  libswresample   6.  1.100 /  6.  1.100
Splitting the commandline.
Reading option '-loglevel' ... matched as option 'loglevel' (set logging level) with argument 'debug'.
Reading option '-f' ... matched as option 'f' (force container format (auto-detected otherwise)) with argument 'lavfi'.
Reading option '-i' ... matched as input url with argument 'testsrc=size=640x480:rate=30'.
Reading option '-t' ... matched as option 't' (stop transcoding after specified duration) with argument '5'.
Reading option '-c:v' ... matched as option 'c' (select encoder/decoder ('copy' to copy stream without reencoding)) with argument 'libx264'.
Reading option '-preset' ... matched as AVOption 'preset' with argument 'veryfast'.
Reading option '-tune' ... matched as AVOption 'tune' with argument 'zerolatency'.
Reading option '-b:v' ... matched as option 'b' (video bitrate (please use -b:v)) with argument '800k'.
Reading option '-f' ... matched as option 'f' (force container format (auto-detected otherwise)) with argument 'rtsp'.
Reading option '-rtsp_transport' ... matched as AVOption 'rtsp_transport' with argument 'tcp'.
Reading option 'rtsp://localhost:9191/topic-enc' ... matched as output url.
Finished splitting the commandline.
Parsing a group of options: global .
Applying option loglevel (set logging level) with argument debug.
Successfully parsed a group of options.
Parsing a group of options: input url testsrc=size=640x480:rate=30.
Applying option f (force container format (auto-detected otherwise)) with argument lavfi.
Successfully parsed a group of options.
Opening an input file: testsrc=size=640x480:rate=30.
[AVFilterGraph @ 0x603ca3a78e40] Setting 'size' to value '640x480'
[AVFilterGraph @ 0x603ca3a78e40] Setting 'rate' to value '30'
detected 16 logical cores
[Parsed_testsrc_0 @ 0x603ca3a7b840] size:640x480 rate:30/1 duration:-1.000000 sar:1/1
[lavfi @ 0x603ca3a78680] Filter 'Parsed_testsrc_0' formats:
[lavfi @ 0x603ca3a78680]   out[0] 'default': rgb24
[lavfi @ 0x603ca3a78680] Filter 'out' formats:
[lavfi @ 0x603ca3a78680]   in[0] 'default': yuv420p yuyv422 rgb24 bgr24 yuv422p yuv444p yuv410p yuv411p gray monow monob pal8 yuvj420p yuvj422p yuvj444p uyvy422 uyyvyy411 bgr8 bgr4 bgr4_byte rgb8 rgb4 rgb4_byte nv12 nv21 argb rgba abgr bgra gray16be gray16le yuv440p yuvj440p yuva420p rgb48be rgb48le rgb565be rgb565le rgb555be rgb555le bgr565be bgr565le bgr555be bgr555le vaapi yuv420p16le yuv420p16be yuv422p16le yuv422p16be yuv444p16le yuv444p16be dxva2_vld rgb444le rgb444be bgr444le bgr444be ya8 bgr48be bgr48le yuv420p9be yuv420p9le yuv420p10be yuv420p10le yuv422p10be yuv422p10le yuv444p9be yuv444p9le yuv444p10be yuv444p10le yuv422p9be yuv422p9le gbrp gbrp9be gbrp9le gbrp10be gbrp10le gbrp16be gbrp16le yuva422p yuva444p yuva420p9be yuva420p9le yuva422p9be yuva422p9le yuva444p9be yuva444p9le yuva420p10be yuva420p10le yuva422p10be yuva422p10le yuva444p10be yuva444p10le yuva420p16be yuva420p16le yuva422p16be yuva422p16le yuva444p16be yuva444p16le vdpau xyz12le xyz12be nv16 nv20le nv20be rgba64be rgba64le bgra64be bgra64le yvyu422 ya16be ya16le gbrap gbrap16be gbrap16le qsv mmal d3d11va_vld cuda 0rgb rgb0 0bgr bgr0 yuv420p12be yuv420p12le yuv420p14be yuv420p14le yuv422p12be yuv422p12le yuv422p14be yuv422p14le yuv444p12be yuv444p12le yuv444p14be yuv444p14le gbrp12be gbrp12le gbrp14be gbrp14le yuvj411p bayer_bggr8 bayer_rggb8 bayer_gbrg8 bayer_grbg8 bayer_bggr16le bayer_bggr16be bayer_rggb16le bayer_rggb16be bayer_gbrg16le bayer_gbrg16be bayer_grbg16le bayer_grbg16be yuv440p10le yuv440p10be yuv440p12le yuv440p12be ayuv64le ayuv64be videotoolbox_vld p010le p010be gbrap12be gbrap12le gbrap10be gbrap10le mediacodec gray12be gray12le gray10be gray10le p016le p016be d3d11 gray9be gray9le gbrpf32be gbrpf32le gbrapf32be gbrapf32le drm_prime opencl gray14be gray14le grayf32be grayf32le yuva422p12be yuva422p12le yuva444p12be yuva444p12le nv24 nv42 vulkan y210be y210le x2rgb10le x2rgb10be x2bgr10le x2bgr10be p210be p210le p410be p410le p216be p216le p416be p416le vuya rgbaf16be rgbaf16le vuyx p012le p012be y212be y212le xv30be xv30le xv36be xv36le rgbf32be rgbf32le rgbaf32be rgbaf32le p212be p212le p412be p412le gbrap14be gbrap14le d3d12 ayuv uyva vyu444 v30xbe v30xle rgbf16be rgbf16le rgba128be rgba128le rgb96be rgb96le y216be y216le xv48be xv48le gbrpf16be gbrpf16le gbrapf16be gbrapf16le grayf16be grayf16le amf gray32be gray32le yaf32be yaf32le yaf16be yaf16le gbrap32be gbrap32le yuv444p10msbbe yuv444p10msble yuv444p12msbbe yuv444p12msble gbrp10msbbe gbrp10msble gbrp12msbbe gbrp12msble ohcodec
[AVFilterGraph @ 0x603ca3a78e40] query_formats: 2 queried, 3 merged, 0 already done, 0 delayed
[lavfi @ 0x603ca3a78680] All info found
Input #0, lavfi, from 'testsrc=size=640x480:rate=30':
  Duration: N/A, start: 0.000000, bitrate: N/A
  Stream #0:0, 1, 1/30: Video: wrapped_avframe, 1 reference frame, rgb24, 640x480 [SAR 1:1 DAR 4:3], 0/1, 30 fps, 30 tbr, 30 tbn
Successfully opened the file.
Parsing a group of options: output url rtsp://localhost:9191/topic-enc.
Applying option t (stop transcoding after specified duration) with argument 5.
Applying option c:v (select encoder/decoder ('copy' to copy stream without reencoding)) with argument libx264.
Applying option b:v (video bitrate (please use -b:v)) with argument 800k.
Applying option f (force container format (auto-detected otherwise)) with argument rtsp.
Successfully parsed a group of options.
Opening an output file: rtsp://localhost:9191/topic-enc.
[out#0/rtsp @ 0x603ca3a80180] No explicit maps, mapping streams automatically...
[vost#0:0/libx264 @ 0x603ca3a82f80] Created video stream from input stream 0:0
Successfully opened the file.
Stream mapping:
  Stream #0:0 -> #0:0 (wrapped_avframe (native) -> h264 (libx264))
[vost#0:0/libx264 @ 0x603ca3a82f80] Starting thread...
[vf#0:0 @ 0x603ca3a847c0] Starting thread...
[vist#0:0/wrapped_avframe @ 0x603ca3a7f980] [dec:wrapped_avframe @ 0x603ca3a85500] Starting thread...
[in#0/lavfi @ 0x603ca3a78300] Starting thread...
Press [q] to stop, [?] for help
[graph -1 input from stream 0:0 @ 0x74472c003ec0] w:640 h:480 pixfmt:rgb24 tb:1/30 fr:30/1 sar:1/1 csp:gbr range:pc
[format @ 0x74472c004840] Setting 'pix_fmts' to value 'yuv420p|yuvj420p|yuv422p|yuvj422p|yuv444p|yuvj444p|nv12|nv16|nv21|yuv420p10le|yuv422p10le|yuv444p10le|nv20le|gray|gray10le'
[format @ 0x74472c004840] Setting 'color_ranges' to value 'tv|pc'
Filter 'Parsed_null_0' formats:
  in[0] 'default': yuv420p yuyv422 rgb24 bgr24 yuv422p yuv444p yuv410p yuv411p gray monow monob pal8 yuvj420p yuvj422p yuvj444p uyvy422 uyyvyy411 bgr8 bgr4 bgr4_byte rgb8 rgb4 rgb4_byte nv12 nv21 argb rgba abgr bgra gray16be gray16le yuv440p yuvj440p yuva420p rgb48be rgb48le rgb565be rgb565le rgb555be rgb555le bgr565be bgr565le bgr555be bgr555le vaapi yuv420p16le yuv420p16be yuv422p16le yuv422p16be yuv444p16le yuv444p16be dxva2_vld rgb444le rgb444be bgr444le bgr444be ya8 bgr48be bgr48le yuv420p9be yuv420p9le yuv420p10be yuv420p10le yuv422p10be yuv422p10le yuv444p9be yuv444p9le yuv444p10be yuv444p10le yuv422p9be yuv422p9le gbrp gbrp9be gbrp9le gbrp10be gbrp10le gbrp16be gbrp16le yuva422p yuva444p yuva420p9be yuva420p9le yuva422p9be yuva422p9le yuva444p9be yuva444p9le yuva420p10be yuva420p10le yuva422p10be yuva422p10le yuva444p10be yuva444p10le yuva420p16be yuva420p16le yuva422p16be yuva422p16le yuva444p16be yuva444p16le vdpau xyz12le xyz12be nv16 nv20le nv20be rgba64be rgba64le bgra64be bgra64le yvyu422 ya16be ya16le gbrap gbrap16be gbrap16le qsv mmal d3d11va_vld cuda 0rgb rgb0 0bgr bgr0 yuv420p12be yuv420p12le yuv420p14be yuv420p14le yuv422p12be yuv422p12le yuv422p14be yuv422p14le yuv444p12be yuv444p12le yuv444p14be yuv444p14le gbrp12be gbrp12le gbrp14be gbrp14le yuvj411p bayer_bggr8 bayer_rggb8 bayer_gbrg8 bayer_grbg8 bayer_bggr16le bayer_bggr16be bayer_rggb16le bayer_rggb16be bayer_gbrg16le bayer_gbrg16be bayer_grbg16le bayer_grbg16be yuv440p10le yuv440p10be yuv440p12le yuv440p12be ayuv64le ayuv64be videotoolbox_vld p010le p010be gbrap12be gbrap12le gbrap10be gbrap10le mediacodec gray12be gray12le gray10be gray10le p016le p016be d3d11 gray9be gray9le gbrpf32be gbrpf32le gbrapf32be gbrapf32le drm_prime opencl gray14be gray14le grayf32be grayf32le yuva422p12be yuva422p12le yuva444p12be yuva444p12le nv24 nv42 vulkan y210be y210le x2rgb10le x2rgb10be x2bgr10le x2bgr10be p210be p210le p410be p410le p216be p216le p416be p416le vuya rgbaf16be rgbaf16le vuyx p012le p012be y212be y212le xv30be xv30le xv36be xv36le rgbf32be rgbf32le rgbaf32be rgbaf32le p212be p212le p412be p412le gbrap14be gbrap14le d3d12 ayuv uyva vyu444 v30xbe v30xle rgbf16be rgbf16le rgba128be rgba128le rgb96be rgb96le y216be y216le xv48be xv48le gbrpf16be gbrpf16le gbrapf16be gbrapf16le grayf16be grayf16le amf gray32be gray32le yaf32be yaf32le yaf16be yaf16le gbrap32be gbrap32le yuv444p10msbbe yuv444p10msble yuv444p12msbbe yuv444p12msble gbrp10msbbe gbrp10msble gbrp12msbbe gbrp12msble ohcodec
  out[0] 'default': yuv420p yuyv422 rgb24 bgr24 yuv422p yuv444p yuv410p yuv411p gray monow monob pal8 yuvj420p yuvj422p yuvj444p uyvy422 uyyvyy411 bgr8 bgr4 bgr4_byte rgb8 rgb4 rgb4_byte nv12 nv21 argb rgba abgr bgra gray16be gray16le yuv440p yuvj440p yuva420p rgb48be rgb48le rgb565be rgb565le rgb555be rgb555le bgr565be bgr565le bgr555be bgr555le vaapi yuv420p16le yuv420p16be yuv422p16le yuv422p16be yuv444p16le yuv444p16be dxva2_vld rgb444le rgb444be bgr444le bgr444be ya8 bgr48be bgr48le yuv420p9be yuv420p9le yuv420p10be yuv420p10le yuv422p10be yuv422p10le yuv444p9be yuv444p9le yuv444p10be yuv444p10le yuv422p9be yuv422p9le gbrp gbrp9be gbrp9le gbrp10be gbrp10le gbrp16be gbrp16le yuva422p yuva444p yuva420p9be yuva420p9le yuva422p9be yuva422p9le yuva444p9be yuva444p9le yuva420p10be yuva420p10le yuva422p10be yuva422p10le yuva444p10be yuva444p10le yuva420p16be yuva420p16le yuva422p16be yuva422p16le yuva444p16be yuva444p16le vdpau xyz12le xyz12be nv16 nv20le nv20be rgba64be rgba64le bgra64be bgra64le yvyu422 ya16be ya16le gbrap gbrap16be gbrap16le qsv mmal d3d11va_vld cuda 0rgb rgb0 0bgr bgr0 yuv420p12be yuv420p12le yuv420p14be yuv420p14le yuv422p12be yuv422p12le yuv422p14be yuv422p14le yuv444p12be yuv444p12le yuv444p14be yuv444p14le gbrp12be gbrp12le gbrp14be gbrp14le yuvj411p bayer_bggr8 bayer_rggb8 bayer_gbrg8 bayer_grbg8 bayer_bggr16le bayer_bggr16be bayer_rggb16le bayer_rggb16be bayer_gbrg16le bayer_gbrg16be bayer_grbg16le bayer_grbg16be yuv440p10le yuv440p10be yuv440p12le yuv440p12be ayuv64le ayuv64be videotoolbox_vld p010le p010be gbrap12be gbrap12le gbrap10be gbrap10le mediacodec gray12be gray12le gray10be gray10le p016le p016be d3d11 gray9be gray9le gbrpf32be gbrpf32le gbrapf32be gbrapf32le drm_prime opencl gray14be gray14le grayf32be grayf32le yuva422p12be yuva422p12le yuva444p12be yuva444p12le nv24 nv42 vulkan y210be y210le x2rgb10le x2rgb10be x2bgr10le x2bgr10be p210be p210le p410be p410le p216be p216le p416be p416le vuya rgbaf16be rgbaf16le vuyx p012le p012be y212be y212le xv30be xv30le xv36be xv36le rgbf32be rgbf32le rgbaf32be rgbaf32le p212be p212le p412be p412le gbrap14be gbrap14le d3d12 ayuv uyva vyu444 v30xbe v30xle rgbf16be rgbf16le rgba128be rgba128le rgb96be rgb96le y216be y216le xv48be xv48le gbrpf16be gbrpf16le gbrapf16be gbrapf16le grayf16be grayf16le amf gray32be gray32le yaf32be yaf32le yaf16be yaf16le gbrap32be gbrap32le yuv444p10msbbe yuv444p10msble yuv444p12msbbe yuv444p12msble gbrp10msbbe gbrp10msble gbrp12msbbe gbrp12msble ohcodec
Filter 'graph -1 input from stream 0:0' formats:
  out[0] 'default': rgb24
Filter 'out_#0:0' formats:
  in[0] 'default': yuv420p yuyv422 rgb24 bgr24 yuv422p yuv444p yuv410p yuv411p gray monow monob pal8 yuvj420p yuvj422p yuvj444p uyvy422 uyyvyy411 bgr8 bgr4 bgr4_byte rgb8 rgb4 rgb4_byte nv12 nv21 argb rgba abgr bgra gray16be gray16le yuv440p yuvj440p yuva420p rgb48be rgb48le rgb565be rgb565le rgb555be rgb555le bgr565be bgr565le bgr555be bgr555le vaapi yuv420p16le yuv420p16be yuv422p16le yuv422p16be yuv444p16le yuv444p16be dxva2_vld rgb444le rgb444be bgr444le bgr444be ya8 bgr48be bgr48le yuv420p9be yuv420p9le yuv420p10be yuv420p10le yuv422p10be yuv422p10le yuv444p9be yuv444p9le yuv444p10be yuv444p10le yuv422p9be yuv422p9le gbrp gbrp9be gbrp9le gbrp10be gbrp10le gbrp16be gbrp16le yuva422p yuva444p yuva420p9be yuva420p9le yuva422p9be yuva422p9le yuva444p9be yuva444p9le yuva420p10be yuva420p10le yuva422p10be yuva422p10le yuva444p10be yuva444p10le yuva420p16be yuva420p16le yuva422p16be yuva422p16le yuva444p16be yuva444p16le vdpau xyz12le xyz12be nv16 nv20le nv20be rgba64be rgba64le bgra64be bgra64le yvyu422 ya16be ya16le gbrap gbrap16be gbrap16le qsv mmal d3d11va_vld cuda 0rgb rgb0 0bgr bgr0 yuv420p12be yuv420p12le yuv420p14be yuv420p14le yuv422p12be yuv422p12le yuv422p14be yuv422p14le yuv444p12be yuv444p12le yuv444p14be yuv444p14le gbrp12be gbrp12le gbrp14be gbrp14le yuvj411p bayer_bggr8 bayer_rggb8 bayer_gbrg8 bayer_grbg8 bayer_bggr16le bayer_bggr16be bayer_rggb16le bayer_rggb16be bayer_gbrg16le bayer_gbrg16be bayer_grbg16le bayer_grbg16be yuv440p10le yuv440p10be yuv440p12le yuv440p12be ayuv64le ayuv64be videotoolbox_vld p010le p010be gbrap12be gbrap12le gbrap10be gbrap10le mediacodec gray12be gray12le gray10be gray10le p016le p016be d3d11 gray9be gray9le gbrpf32be gbrpf32le gbrapf32be gbrapf32le drm_prime opencl gray14be gray14le grayf32be grayf32le yuva422p12be yuva422p12le yuva444p12be yuva444p12le nv24 nv42 vulkan y210be y210le x2rgb10le x2rgb10be x2bgr10le x2bgr10be p210be p210le p410be p410le p216be p216le p416be p416le vuya rgbaf16be rgbaf16le vuyx p012le p012be y212be y212le xv30be xv30le xv36be xv36le rgbf32be rgbf32le rgbaf32be rgbaf32le p212be p212le p412be p412le gbrap14be gbrap14le d3d12 ayuv uyva vyu444 v30xbe v30xle rgbf16be rgbf16le rgba128be rgba128le rgb96be rgb96le y216be y216le xv48be xv48le gbrpf16be gbrpf16le gbrapf16be gbrapf16le grayf16be grayf16le amf gray32be gray32le yaf32be yaf32le yaf16be yaf16le gbrap32be gbrap32le yuv444p10msbbe yuv444p10msble yuv444p12msbbe yuv444p12msble gbrp10msbbe gbrp10msble gbrp12msbbe gbrp12msble ohcodec
Filter 'format' formats:
  in[0] 'default': yuv420p yuvj420p yuv422p yuvj422p yuv444p yuvj444p nv12 nv16 nv21 yuv420p10le yuv422p10le yuv444p10le nv20le gray gray10le
  out[0] 'default': yuv420p yuvj420p yuv422p yuvj422p yuv444p yuvj444p nv12 nv16 nv21 yuv420p10le yuv422p10le yuv444p10le nv20le gray gray10le
Filter 'trim_out_#0:0' formats:
  in[0] 'default': yuv420p yuyv422 rgb24 bgr24 yuv422p yuv444p yuv410p yuv411p gray monow monob pal8 yuvj420p yuvj422p yuvj444p uyvy422 uyyvyy411 bgr8 bgr4 bgr4_byte rgb8 rgb4 rgb4_byte nv12 nv21 argb rgba abgr bgra gray16be gray16le yuv440p yuvj440p yuva420p rgb48be rgb48le rgb565be rgb565le rgb555be rgb555le bgr565be bgr565le bgr555be bgr555le vaapi yuv420p16le yuv420p16be yuv422p16le yuv422p16be yuv444p16le yuv444p16be dxva2_vld rgb444le rgb444be bgr444le bgr444be ya8 bgr48be bgr48le yuv420p9be yuv420p9le yuv420p10be yuv420p10le yuv422p10be yuv422p10le yuv444p9be yuv444p9le yuv444p10be yuv444p10le yuv422p9be yuv422p9le gbrp gbrp9be gbrp9le gbrp10be gbrp10le gbrp16be gbrp16le yuva422p yuva444p yuva420p9be yuva420p9le yuva422p9be yuva422p9le yuva444p9be yuva444p9le yuva420p10be yuva420p10le yuva422p10be yuva422p10le yuva444p10be yuva444p10le yuva420p16be yuva420p16le yuva422p16be yuva422p16le yuva444p16be yuva444p16le vdpau xyz12le xyz12be nv16 nv20le nv20be rgba64be rgba64le bgra64be bgra64le yvyu422 ya16be ya16le gbrap gbrap16be gbrap16le qsv mmal d3d11va_vld cuda 0rgb rgb0 0bgr bgr0 yuv420p12be yuv420p12le yuv420p14be yuv420p14le yuv422p12be yuv422p12le yuv422p14be yuv422p14le yuv444p12be yuv444p12le yuv444p14be yuv444p14le gbrp12be gbrp12le gbrp14be gbrp14le yuvj411p bayer_bggr8 bayer_rggb8 bayer_gbrg8 bayer_grbg8 bayer_bggr16le bayer_bggr16be bayer_rggb16le bayer_rggb16be bayer_gbrg16le bayer_gbrg16be bayer_grbg16le bayer_grbg16be yuv440p10le yuv440p10be yuv440p12le yuv440p12be ayuv64le ayuv64be videotoolbox_vld p010le p010be gbrap12be gbrap12le gbrap10be gbrap10le mediacodec gray12be gray12le gray10be gray10le p016le p016be d3d11 gray9be gray9le gbrpf32be gbrpf32le gbrapf32be gbrapf32le drm_prime opencl gray14be gray14le grayf32be grayf32le yuva422p12be yuva422p12le yuva444p12be yuva444p12le nv24 nv42 vulkan y210be y210le x2rgb10le x2rgb10be x2bgr10le x2bgr10be p210be p210le p410be p410le p216be p216le p416be p416le vuya rgbaf16be rgbaf16le vuyx p012le p012be y212be y212le xv30be xv30le xv36be xv36le rgbf32be rgbf32le rgbaf32be rgbaf32le p212be p212le p412be p412le gbrap14be gbrap14le d3d12 ayuv uyva vyu444 v30xbe v30xle rgbf16be rgbf16le rgba128be rgba128le rgb96be rgb96le y216be y216le xv48be xv48le gbrpf16be gbrpf16le gbrapf16be gbrapf16le grayf16be grayf16le amf gray32be gray32le yaf32be yaf32le yaf16be yaf16le gbrap32be gbrap32le yuv444p10msbbe yuv444p10msble yuv444p12msbbe yuv444p12msble gbrp10msbbe gbrp10msble gbrp12msbbe gbrp12msble ohcodec
  out[0] 'default': yuv420p yuyv422 rgb24 bgr24 yuv422p yuv444p yuv410p yuv411p gray monow monob pal8 yuvj420p yuvj422p yuvj444p uyvy422 uyyvyy411 bgr8 bgr4 bgr4_byte rgb8 rgb4 rgb4_byte nv12 nv21 argb rgba abgr bgra gray16be gray16le yuv440p yuvj440p yuva420p rgb48be rgb48le rgb565be rgb565le rgb555be rgb555le bgr565be bgr565le bgr555be bgr555le vaapi yuv420p16le yuv420p16be yuv422p16le yuv422p16be yuv444p16le yuv444p16be dxva2_vld rgb444le rgb444be bgr444le bgr444be ya8 bgr48be bgr48le yuv420p9be yuv420p9le yuv420p10be yuv420p10le yuv422p10be yuv422p10le yuv444p9be yuv444p9le yuv444p10be yuv444p10le yuv422p9be yuv422p9le gbrp gbrp9be gbrp9le gbrp10be gbrp10le gbrp16be gbrp16le yuva422p yuva444p yuva420p9be yuva420p9le yuva422p9be yuva422p9le yuva444p9be yuva444p9le yuva420p10be yuva420p10le yuva422p10be yuva422p10le yuva444p10be yuva444p10le yuva420p16be yuva420p16le yuva422p16be yuva422p16le yuva444p16be yuva444p16le vdpau xyz12le xyz12be nv16 nv20le nv20be rgba64be rgba64le bgra64be bgra64le yvyu422 ya16be ya16le gbrap gbrap16be gbrap16le qsv mmal d3d11va_vld cuda 0rgb rgb0 0bgr bgr0 yuv420p12be yuv420p12le yuv420p14be yuv420p14le yuv422p12be yuv422p12le yuv422p14be yuv422p14le yuv444p12be yuv444p12le yuv444p14be yuv444p14le gbrp12be gbrp12le gbrp14be gbrp14le yuvj411p bayer_bggr8 bayer_rggb8 bayer_gbrg8 bayer_grbg8 bayer_bggr16le bayer_bggr16be bayer_rggb16le bayer_rggb16be bayer_gbrg16le bayer_gbrg16be bayer_grbg16le bayer_grbg16be yuv440p10le yuv440p10be yuv440p12le yuv440p12be ayuv64le ayuv64be videotoolbox_vld p010le p010be gbrap12be gbrap12le gbrap10be gbrap10le mediacodec gray12be gray12le gray10be gray10le p016le p016be d3d11 gray9be gray9le gbrpf32be gbrpf32le gbrapf32be gbrapf32le drm_prime opencl gray14be gray14le grayf32be grayf32le yuva422p12be yuva422p12le yuva444p12be yuva444p12le nv24 nv42 vulkan y210be y210le x2rgb10le x2rgb10be x2bgr10le x2bgr10be p210be p210le p410be p410le p216be p216le p416be p416le vuya rgbaf16be rgbaf16le vuyx p012le p012be y212be y212le xv30be xv30le xv36be xv36le rgbf32be rgbf32le rgbaf32be rgbaf32le p212be p212le p412be p412le gbrap14be gbrap14le d3d12 ayuv uyva vyu444 v30xbe v30xle rgbf16be rgbf16le rgba128be rgba128le rgb96be rgb96le y216be y216le xv48be xv48le gbrpf16be gbrpf16le gbrapf16be gbrapf16le grayf16be grayf16le amf gray32be gray32le yaf32be yaf32le yaf16be yaf16le gbrap32be gbrap32le yuv444p10msbbe yuv444p10msble yuv444p12msbbe yuv444p12msble gbrp10msbbe gbrp10msble gbrp12msbbe gbrp12msble ohcodec
[auto_scale_0 @ 0x74472c0064c0] w:iw h:ih flags:'' interl:0
[format @ 0x74472c004840] auto-inserting filter 'auto_scale_0' between the filter 'Parsed_null_0' and the filter 'format'
[AVFilterGraph @ 0x74472c001180] query_formats: 5 queried, 9 merged, 3 already done, 0 delayed
[auto_scale_0 @ 0x74472c0064c0] picking yuv444p out of 15 ref:rgb24 alpha:0
[auto_scale_0 @ 0x74472c0064c0] w:640 h:480 fmt:rgb24 csp:gbr range:pc sar:1/1 -> w:640 h:480 fmt:yuv444p csp:unknown range:tv sar:1/1 flags:0x00000004
[auto_scale_0 @ 0x74472c0064c0] [framesync @ 0x74472c006610] Selected 1/30 time base
[auto_scale_0 @ 0x74472c0064c0] [framesync @ 0x74472c006610] Sync level 1
[libx264 @ 0x603ca3a83240] using SAR=1/1
[libx264 @ 0x603ca3a83240] using cpu capabilities: MMX2 SSE2Fast SSSE3 SSE4.2 AVX FMA3 BMI2 AVX2 AVX512
[libx264 @ 0x603ca3a83240] profile High 4:4:4 Predictive, level 3.0, 4:4:4, 8-bit
[libx264 @ 0x603ca3a83240] 264 - core 165 r3222 b35605a - H.264/MPEG-4 AVC codec - Copyleft 2003-2025 - http://www.videolan.org/x264.html - options: cabac=1 ref=1 deblock=1:0:0 analyse=0x3:0x113 me=hex subme=2 psy=1 psy_rd=1.00:0.00 mixed_ref=0 me_range=16 chroma_me=1 trellis=0 8x8dct=1 cqm=0 deadzone=21,11 fast_pskip=1 chroma_qp_offset=6 threads=7 lookahead_threads=7 sliced_threads=1 slices=7 nr=0 decimate=1 interlaced=0 bluray_compat=0 constrained_intra=0 bframes=0 weightp=1 keyint=250 keyint_min=25 scenecut=40 intra_refresh=0 rc=abr mbtree=0 bitrate=800 ratetol=1.0 qcomp=0.60 qpmin=0 qpmax=69 qpstep=4 ip_ratio=1.40 aq=1:1.00
[tcp @ 0x74472c4dce80] No default whitelist set
[tcp @ 0x74472c4dce80] Original list of addresses:
[tcp @ 0x74472c4dce80] Address ::1 port 9191
[tcp @ 0x74472c4dce80] Address 127.0.0.1 port 9191
[tcp @ 0x74472c4dce80] Interleaved list of addresses:
[tcp @ 0x74472c4dce80] Address ::1 port 9191
[tcp @ 0x74472c4dce80] Address 127.0.0.1 port 9191
[tcp @ 0x74472c4dce80] Starting connection attempt to ::1 port 9191
[tcp @ 0x74472c4dce80] Successfully connected to ::1 port 9191
[rtsp @ 0x603ca3a80380] SDP:
v=0
o=- 0 0 IN IP6 ::1
s=No Name
c=IN IP6 ::1
t=0 0
a=tool:libavformat 62.3.100
m=video 0 RTP/AVP 96
b=AS:800
a=framerate:30
a=rtpmap:96 H264/90000
a=fmtp:96 packetization-mode=1; sprop-parameter-sets=Z/QAHpGWgKA9sBEAAAMAAQAAAwA8jxYuoA==,aO8xkhk=; profile-level-id=F4001E
a=control:streamid=0

[out#0/rtsp @ 0x603ca3a80180] Could not write header (incorrect codec parameters ?): Server returned 400 Bad Request
[vf#0:0 @ 0x603ca3a847c0] Error sending frames to consumers: Server returned 400 Bad Request
[vf#0:0 @ 0x603ca3a847c0] Task finished with error code: -808465656 (Server returned 400 Bad Request)
[vf#0:0 @ 0x603ca3a847c0] Terminating thread with return code -808465656 (Server returned 400 Bad Request)
[vost#0:0/libx264 @ 0x603ca3a82f80] [enc:libx264 @ 0x603ca3a7e780] Encoder thread received EOF
[vist#0:0/wrapped_avframe @ 0x603ca3a7f980] [dec:wrapped_avframe @ 0x603ca3a85500] Decoder returned EOF, finishing
[vist#0:0/wrapped_avframe @ 0x603ca3a7f980] [dec:wrapped_avframe @ 0x603ca3a85500] Terminating thread with return code 0 (success)
[vost#0:0/libx264 @ 0x603ca3a82f80] Terminating thread with return code 0 (success)
[vist#0:0/wrapped_avframe @ 0x603ca3a7f980] All consumers of this stream are done
[in#0/lavfi @ 0x603ca3a78300] All consumers are done
[in#0/lavfi @ 0x603ca3a78300] Terminating thread with return code 0 (success)
[out#0/rtsp @ 0x603ca3a80180] Nothing was written into output file, because at least one of its streams received no packets.
frame=    0 fps=0.0 q=0.0 Lsize=       0KiB time=N/A bitrate=N/A speed=N/A elapsed=0:00:00.05    
[libx264 @ 0x603ca3a83240] final ratefactor: 25.64
[in#0/lavfi @ 0x603ca3a78300] Input file #0 (testsrc=size=640x480:rate=30):
[in#0/lavfi @ 0x603ca3a78300]   Input stream #0:0 (video): 19 packets read (7904 bytes); 10 frames decoded; 0 decode errors; 
[in#0/lavfi @ 0x603ca3a78300]   Total: 19 packets (7904 bytes) demuxed
Conversion failed!

Exiting with exit code -808465656
